0 info it worked if it ends with ok
1 verbose cli [ 'C:\\Program Files\\nodejs\\\\node.exe',
1 verbose cli   'C:\\Program Files\\nodejs\\node_modules\\npm\\bin\\npm-cli.js',
1 verbose cli   'run',
1 verbose cli   'dev' ]
2 info using npm@2.5.1
3 info using node@v0.12.0
4 verbose node symlink C:\Program Files\nodejs\\node.exe
5 verbose run-script [ 'predev', 'dev', 'postdev' ]
6 info predev react-tutorials@0.0.0
7 info dev react-tutorials@0.0.0
8 verbose unsafe-perm in lifecycle true
9 info react-tutorials@0.0.0 Failed to exec dev script
10 verbose stack Error: react-tutorials@0.0.0 dev: `webpack-dev-server --content-base src --inline --hot`
10 verbose stack Exit status 1
10 verbose stack     at EventEmitter.<anonymous> (C:\Program Files\nodejs\node_modules\npm\lib\utils\lifecycle.js:213:16)
10 verbose stack     at EventEmitter.emit (events.js:110:17)
10 verbose stack     at ChildProcess.<anonymous> (C:\Program Files\nodejs\node_modules\npm\lib\utils\spawn.js:14:12)
10 verbose stack     at ChildProcess.emit (events.js:110:17)
10 verbose stack     at maybeClose (child_process.js:1008:16)
10 verbose stack     at Process.ChildProcess._handle.onexit (child_process.js:1080:5)
11 verbose pkgid react-tutorials@0.0.0
12 verbose cwd C:\LEARNING\Blue Lotus Trainings\Section-05 -React JS Flux\React JS Routing  Todo App Flux
13 error Windows_NT 6.1.7601
14 error argv "C:\\Program Files\\nodejs\\\\node.exe" "C:\\Program Files\\nodejs\\node_modules\\npm\\bin\\npm-cli.js" "run" "dev"
15 error node v0.12.0
16 error npm  v2.5.1
17 error code ELIFECYCLE
18 error react-tutorials@0.0.0 dev: `webpack-dev-server --content-base src --inline --hot`
18 error Exit status 1
19 error Failed at the react-tutorials@0.0.0 dev script 'webpack-dev-server --content-base src --inline --hot'.
19 error This is most likely a problem with the react-tutorials package,
19 error not with npm itself.
19 error Tell the author that this fails on your system:
19 error     webpack-dev-server --content-base src --inline --hot
19 error You can get their info via:
19 error     npm owner ls react-tutorials
19 error There is likely additional logging output above.
20 verbose exit [ 1, true ]
